<?xml version="1.0" encoding="UTF-8"?>
<!-- Generated by org.testng.reporters.JUnitReportReporter -->
<testsuite hostname="LAPTOP-HVNH2UIN" name="web.NewTest" tests="1" failures="0" timestamp="3 Nov 2021 17:02:05 GMT" time="6.035" errors="0">
  <testcase name="testEasy" time="6.035" classname="web.NewTest"/>
</testsuite> <!-- web.NewTest -->
