<?xml version="1.0" encoding="UTF-8"?>
<!-- Generated by org.testng.reporters.JUnitReportReporter -->
<testsuite hostname="LAPTOP-HVNH2UIN" name="test2.NewTest" tests="2" failures="0" timestamp="7 Oct 2021 10:53:01 GMT" time="21.457" errors="0">
  <testcase name="demoClass" time="10.444" classname="test2.NewTest"/>
  <testcase name="demoClass" time="11.013" classname="test2.NewTest"/>
</testsuite> <!-- test2.NewTest -->
