<?xml version="1.0" encoding="UTF-8"?>
<!-- Generated by org.testng.reporters.JUnitReportReporter -->
<testsuite hostname="LAPTOP-HVNH2UIN" name="web.NewTest" tests="1" failures="0" timestamp="31 Oct 2021 18:37:24 GMT" time="4.760" errors="0">
  <testcase name="testEasy" time="4.760" classname="web.NewTest"/>
</testsuite> <!-- web.NewTest -->
